   1: Player 1 launched 78 (left 27) ships from planet 2 to planet 3
   4: Player 1 launched 78 (left 0) ships from fleet d5b625df-fdd3-4c1b-8441-743020b3b22d to planet 12
   6: Player 1 launched 49 (left 17) ships from planet 12 to planet 3
  10: Player 1 launched 49 (left 0) ships from fleet 68b56c3e-e003-4686-8112-138c09f5d634 to planet 13
  12: Player 1 launched 61 (left 21) ships from planet 2 to planet 3
  15: Player 1 launched 61 (left 0) ships from fleet 6392a2e8-6045-4f2f-a40a-9d7774965f4f to planet 12
  17: Player 1 launched 34 (left 12) ships from planet 2 to planet 3
  30: Player 1 launched 71 (left 24) ships from planet 12 to planet 3
  36: Player 1 launched 71 (left 0) ships from fleet 46ea181a-4f59-415b-b544-2b800e1e75ab to planet 13
  38: Player 1 launched 35 (left 82) ships from planet 2 to planet 13
  47: Player 1 launched 95 (left 32) ships from planet 2 to planet 3
  60: Player 1 launched 130 (left 44) ships from planet 12 to planet 3
  69: Player 1 launched 65 (left 153) ships from planet 13 to planet 3
  73: Player 1 launched 129 (left 44) ships from planet 13 to planet 6
  77: Player 1 launched 136 (left 46) ships from planet 2 to planet 7
  80: Player 1 launched 136 (left 0) ships from fleet 71e60654-c443-4325-80c1-66668ee59f76 to planet 12
  82: Player 1 launched 103 (left 35) ships from planet 3 to planet 7
  90: Player 1 launched 102 (left 34) ships from planet 6 to planet 18
  93: Player 1 launched 102 (left 0) ships from fleet dcf2c44f-23d5-47e4-83bf-e5c9fafc48da to planet 1
  95: Player 1 launched 46 (left 108) ships from planet 13 to planet 1
  98: Player 1 launched 115 (left 39) ships from planet 12 to planet 18
 106: Player 1 launched 115 (left 0) ships from fleet 28895e44-0cdf-4387-83a8-3978e6117b4a to planet 14
 108: Player 1 launched 150 (left 51) ships from planet 2 to planet 18
 120: Player 1 launched 174 (left 59) ships from planet 13 to planet 18
 129: Player 1 launched 81 (left 189) ships from planet 3 to planet 18
 138: Player 1 launched 213 (left 72) ships from planet 7 to planet 19
 150: Player 1 launched 250 (left 84) ships from planet 6 to planet 8
 160: Player 1 launched 261 (left 88) ships from planet 12 to planet 9
 172: Player 1 launched 303 (left 101) ships from planet 3 to planet 22
 181: Player 1 launched 303 (left 0) ships from fleet 0855eadc-487d-4b18-8943-0f6391c8a097 to planet 21
 183: Player 1 launched 319 (left 107) ships from planet 2 to planet 22
 201: Player 1 launched 348 (left 116) ships from planet 13 to planet 23
 217: Player 1 launched 402 (left 134) ships from planet 18 to planet 4
 228: Player 1 launched 391 (left 131) ships from planet 7 to planet 5
 240: Player 1 launched 411 (left 137) ships from planet 19 to planet 16
 260: Player 1 launched 475 (left 159) ships from planet 6 to planet 23
 263: Player 1 launched 475 (left 0) ships from fleet afa7573e-016a-4e26-ad7a-3f31607bc169 to planet 1
 265: Player 1 launched 459 (left 154) ships from planet 12 to planet 23
 277: Player 1 launched 469 (left 157) ships from planet 3 to planet 17
 291: Player 1 launched 485 (left 162) ships from planet 2 to planet 20
 301: Player 1 launched 475 (left 159) ships from planet 22 to planet 10
 322: Player 1 launched 540 (left 181) ships from planet 13 to planet 11
 333: Player 1 launched 542 (left 181) ships from planet 9 to planet 15
