   1: Player 1 launched 78 (left 27) ships from planet 2 to planet 3
   1: Player 2 launched 78 (left 27) ships from planet 3 to planet 12
   4: Player 1 launched 78 (left 0) ships from fleet d5b625df-fdd3-4c1b-8441-743020b3b22d to planet 12
   5: Player 1 now owns planet 12
   6: Player 1 launched 49 (left 17) ships from planet 12 to planet 3
   9: Player 2 now owns planet 12
  10: Player 1 launched 49 (left 0) ships from fleet 68b56c3e-e003-4686-8112-138c09f5d634 to planet 13
  10: Player 2 launched 54 (left 18) ships from planet 3 to planet 13
  11: Player 1 now owns planet 13
  12: Player 1 launched 61 (left 21) ships from planet 2 to planet 3
  13: Player 2 now owns planet 13
  14: Player 2 launched 45 (left 16) ships from planet 12 to planet 18
  15: Player 1 launched 61 (left 0) ships from fleet 6392a2e8-6045-4f2f-a40a-9d7774965f4f to planet 12
  16: Player 1 now owns planet 12
  17: Player 1 launched 34 (left 12) ships from planet 2 to planet 3
  22: Player 2 now owns planet 18
  23: Player 2 launched 62 (left 21) ships from planet 3 to planet 19
  29: Player 2 defended planet 3
  30: Player 1 launched 71 (left 24) ships from planet 12 to planet 3
  34: Player 2 now owns planet 19
  35: Player 2 launched 84 (left 28) ships from planet 13 to planet 20
  36: Player 1 launched 71 (left 0) ships from fleet 46ea181a-4f59-415b-b544-2b800e1e75ab to planet 13
  37: Player 1 now owns planet 13
  38: Player 1 launched 35 (left 82) ships from planet 2 to planet 13
  47: Player 1 launched 95 (left 32) ships from planet 2 to planet 3
  48: Player 2 now owns planet 20
  49: Player 2 launched 120 (left 41) ships from planet 18 to planet 21
  59: Player 2 defended planet 3
  60: Player 1 launched 130 (left 44) ships from planet 12 to planet 3
  66: Player 2 now owns planet 21
  67: Player 2 launched 156 (left 52) ships from planet 19 to planet 12
  68: Player 1 now owns planet 3
  69: Player 1 launched 65 (left 153) ships from planet 13 to planet 3
  73: Player 1 launched 129 (left 44) ships from planet 13 to planet 6
  75: Player 2 now owns planet 12
  76: Player 2 launched 132 (left 44) ships from planet 18 to planet 4
  76: Player 1 now owns planet 6
  77: Player 1 launched 136 (left 46) ships from planet 2 to planet 7
  80: Player 1 launched 136 (left 0) ships from fleet 71e60654-c443-4325-80c1-66668ee59f76 to planet 12
  81: Player 1 now owns planet 12
  82: Player 1 launched 103 (left 35) ships from planet 3 to planet 7
  86: Player 2 now owns planet 4
  87: Player 2 launched 138 (left 46) ships from planet 20 to planet 5
  89: Player 1 now owns planet 7
  90: Player 1 launched 102 (left 34) ships from planet 6 to planet 18
  93: Player 1 launched 102 (left 0) ships from fleet dcf2c44f-23d5-47e4-83bf-e5c9fafc48da to planet 1
  94: Player 1 now owns planet 1
  95: Player 1 launched 46 (left 108) ships from planet 13 to planet 1
  98: Player 1 launched 115 (left 39) ships from planet 12 to planet 18
  98: Player 2 now owns planet 5
  99: Player 2 launched 159 (left 53) ships from planet 19 to planet 10
 106: Player 1 launched 115 (left 0) ships from fleet 28895e44-0cdf-4387-83a8-3978e6117b4a to planet 14
 107: Player 1 now owns planet 14
 108: Player 1 launched 150 (left 51) ships from planet 2 to planet 18
 110: Player 2 now owns planet 10
 111: Player 2 launched 178 (left 60) ships from planet 21 to planet 11
 119: Player 2 defended planet 18
 120: Player 1 launched 174 (left 59) ships from planet 13 to planet 18
 125: Player 2 now owns planet 11
 126: Player 2 launched 163 (left 55) ships from planet 4 to planet 8
 128: Player 1 now owns planet 18
 129: Player 1 launched 81 (left 189) ships from planet 3 to planet 18
 138: Player 1 launched 213 (left 72) ships from planet 7 to planet 19
 139: Player 2 now owns planet 8
 140: Player 2 launched 193 (left 65) ships from planet 19 to planet 9
 149: Player 1 now owns planet 19
 150: Player 1 launched 250 (left 84) ships from planet 6 to planet 8
 159: Player 1 now owns planet 8
 160: Player 1 launched 261 (left 88) ships from planet 12 to planet 9
 160: Player 2 now owns planet 9
 161: Player 2 launched 219 (left 74) ships from planet 5 to planet 15
 171: Player 1 now owns planet 9
 172: Player 1 launched 303 (left 101) ships from planet 3 to planet 22
 172: Player 2 now owns planet 15
 173: Player 2 launched 228 (left 76) ships from planet 20 to planet 16
 179: Player 2 now owns planet 16
 180: Player 2 launched 200 (left 67) ships from planet 21 to planet 17
 181: Player 1 launched 303 (left 0) ships from fleet 0855eadc-487d-4b18-8943-0f6391c8a097 to planet 21
 182: Player 1 now owns planet 21
 183: Player 1 launched 319 (left 107) ships from planet 2 to planet 22
 186: Player 2 now owns planet 17
 187: Player 2 launched 194 (left 65) ships from planet 10 to planet 21
 200: Player 1 now owns planet 22
 201: Player 1 launched 348 (left 116) ships from planet 13 to planet 23
 206: Player 1 defended planet 21
 207: Player 2 launched 223 (left 75) ships from planet 4 to planet 23
 216: Player 1 now owns planet 23
 217: Player 1 launched 402 (left 134) ships from planet 18 to planet 4
 227: Player 1 defended planet 23
 227: Player 1 now owns planet 4
 228: Player 1 launched 391 (left 131) ships from planet 7 to planet 5
 228: Player 2 launched 247 (left 83) ships from planet 11 to planet 23
 239: Player 1 now owns planet 5
 240: Player 1 launched 411 (left 137) ships from planet 19 to planet 16
 248: Player 2 now owns planet 23
 249: Player 2 launched 272 (left 91) ships from planet 16 to planet 1
 259: Player 1 now owns planet 16
 260: Player 1 launched 475 (left 159) ships from planet 6 to planet 23
 260: Player 2 now owns planet 1
 261: Player 2 launched 262 (left 88) ships from planet 17 to planet 16
 263: Player 1 launched 475 (left 0) ships from fleet afa7573e-016a-4e26-ad7a-3f31607bc169 to planet 1
 264: Player 1 now owns planet 1
 265: Player 1 launched 459 (left 154) ships from planet 12 to planet 23
 276: Player 1 now owns planet 23
 277: Player 1 launched 469 (left 157) ships from planet 3 to planet 17
 284: Player 1 defended planet 16
 285: Player 2 launched 309 (left 103) ships from planet 20 to planet 8
 290: Player 1 now owns planet 17
 291: Player 1 launched 485 (left 162) ships from planet 2 to planet 20
 300: Player 1 now owns planet 20
 301: Player 1 launched 475 (left 159) ships from planet 22 to planet 10
 309: Player 1 defended planet 8
 310: Player 2 launched 326 (left 109) ships from planet 15 to planet 20
 321: Player 1 now owns planet 10
 322: Player 1 launched 540 (left 181) ships from planet 13 to planet 11
 329: Player 1 defended planet 20
 330: Player 2 launched 215 (left 72) ships from planet 11 to planet 22
 332: Player 1 now owns planet 11
 333: Player 1 launched 542 (left 181) ships from planet 9 to planet 15
 344: Player 1 defended planet 22
 345: Player 2 launched 134 (left 45) ships from planet 15 to planet 11
 354: Player 1 now owns planet 15
 364: Player 1 defended planet 11
